Traceback (most recent call last):
  File "cn/4c01/neko/MessageNeko.py", line 114, in generate_message
    ...
  File "cn/4c01/neko/ChatNeko.py", line 514, in generate_text
    ...
  File "cn/4c01/neko/ChatNeko.py", line 191, in on_chat
    ...
  File "cn/4c01/neko/brain/QQManager.py", line 810, in process_qq
    ...
cn.4c01.Neko.PersonalityTypeException: 性格之间不兼容
The above exception was the direct cause of the following exception:
Traceback (most recent call last):
  File "cn/4c01/neko/Personality.py", line 1145, in check_personality
    ...
  File "cn/4c01/neko/Personality.py", line 1419, in calc_personality_vector
    ...
  File "cn/4c01/neko/MessageNeko.py", line 19810, in calc_message_type
    ...
cn.4c01.neko.personality.IllegalPersonalityException: 傲娇和乖巧不能同时参与消息回复



Traceback (most recent call last):
  File "cn/4c01/neko/behavior/NekoBehavior.py", line 114, in execute_plan
    ...
  File "cn/4c01/neko/scheduler/ActionScheduler.py", line 514, in run_scheduled_task
    ...
  File "cn/4c01/neko/core/NekoCore.py", line 1919, in tick
    ...
  File "cn/4c01/neko/brain/BrainLoop.py", line 810, in process
    ...
cn.4c01.Neko.ProcrastinationException: 计划执行超时
The above exception was the direct cause of the following exception:
Traceback (most recent call last):
  File "cn/4c01/neko/behavior/ProcrastinationModule.py", line 1145, in check_deadline
    ...
  File "cn/4c01/neko/behavior/NekoBehavior.py", line 1419, in check_task_status
    ...
  File "cn/4c01/neko/behavior/NekoBehavior.py", line 19810, in execute_plan
    ...
cn.4c01.neko.behavior.DelayException: 计划被摸鱼到明天



Traceback (most recent call last):
  File "cn/4c01/neko/behavior/NekoBehavior.py", line 114, in handle_stimuli
    ...
  File "cn/4c01/neko/scheduler/EmotionScheduler.py", line 514, in process_queue
    ...
  File "cn/4c01/neko/core/NekoCore.py", line 1919, in update
    ...
  File "cn/4c01/neko/brain/BrainLoop.py", line 810, in tick
    ...
cn.4c01.Neko.EmotionalCollapseException: 情绪溢出
The above exception was the direct cause of the following exception:
Traceback (most recent call last):
  File "cn/4c01/neko/emotion/EmotionEngine.py", line 1145, in check_threshold
    ...
  File "cn/4c01/neko/emotion/EmotionEngine.py", line 1419, in calc_overflow
    ...
  File "cn/4c01/neko/behavior/NekoBehavior.py", line 19810, in handle_stimuli
    ...
cn.4c01.neko.emotion.OverloadException: 过多的rua猫娘



Traceback (most recent call last):
  File "cn/4c01/neko/behavior/NekoBehavior.py", line 114, in perform_task
    ...
  File "cn/4c01/neko/scheduler/ProductivityScheduler.py", line 514, in check_progress
    ...
  File "cn/4c01/neko/core/NekoCore.py", line 1919, in tick
    ...
  File "cn/4c01/neko/brain/BrainLoop.py", line 810, in process
    ...
cn.4c01.Neko.SlackOffException: 工作模式异常
The above exception was the direct cause of the following exception:
Traceback (most recent call last):
  File "cn/4c01/neko/behavior/DistractionModule.py", line 1145, in scan
    ...
  File "cn/4c01/neko/behavior/ProductivityTracker.py", line 1419, in check_task
    ...
  File "cn/4c01/neko/behavior/NekoBehavior.py", line 19810, in perform_task
    ...
cn.4c01.neko.behavior.LazyException: 当前工作未及时执行



Traceback (most recent call last):
  File "cn/4c01/neko/behavior/NekoBehavior.py", line 114, in interact
    ...
  File "cn/4c01/neko/scheduler/SocialScheduler.py", line 514, in process_interaction
    ...
  File "cn/4c01/neko/core/NekoCore.py", line 1919, in tick
    ...
  File "cn/4c01/neko/brain/BrainLoop.py", line 810, in run
    ...
cn.4c01.Neko.SocialAnxietyException: 社交中出现了不合理的行为
The above exception was the direct cause of the following exception:
Traceback (most recent call last):
  File "cn/4c01/neko/social/EyeContactDetector.py", line 1145, in analyze
    ...
  File "cn/4c01/neko/social/Amygdala.py", line 1419, in react
    ...
  File "cn/4c01/neko/behavior/NekoBehavior.py", line 19810, in interact
    ...
cn.4c01.neko.social.BoundaryViolationException: 受到他人不合乎常理的目光